[10:12:09] [ServerMain/INFO]: [bootstrap] Running Java 21 (OpenJDK 64-Bit Server VM 21.0.6+7-Ubuntu-120.04.1; Ubuntu null) on Linux 6.8.0-1021-azure (amd64)
[10:12:09] [ServerMain/INFO]: [bootstrap] Loading Paper 1.21.1-57-master@b483da4 (2024-09-01T18:09:05Z) for Minecraft 1.21.1
[10:12:09] [ServerMain/INFO]: [PluginInitializerManager] Initializing plugins...
[10:12:10] [ServerMain/INFO]: [FileProviderSource] The spark plugin will not be loaded as this server bundles the spark profiler.
[10:12:10] [ServerMain/INFO]: [PluginInitializerManager] Initialized 5 plugins
[10:12:10] [ServerMain/INFO]: [PluginInitializerManager] Bukkit plugins (5):
 - BetterSleeping4 (4.0.2), BlockLocker (1.12.2), OmegaCVW (0.2.3), PlugManX (2.4.1), SkinsRestorer (15.6.2)
[10:12:16] [ServerMain/INFO]: Environment: Environment[sessionHost=https://sessionserver.mojang.com, servicesHost=https://api.minecraftservices.com, name=PROD]
[10:12:19] [ServerMain/INFO]: Loaded 1290 recipes
[10:12:19] [ServerMain/INFO]: Loaded 1399 advancements
[10:12:20] [Server thread/INFO]: Starting minecraft server version 1.21.1
[10:12:20] [Server thread/INFO]: Loading properties
[10:12:20] [Server thread/INFO]: This server is running Paper version 1.21.1-57-master@b483da4 (2024-09-01T18:09:05Z) (Implementing API version 1.21.1-R0.1-SNAPSHOT)
[10:12:21] [Server thread/INFO]: [spark] This server bundles the spark profiler. For more information please visit https://docs.papermc.io/paper/profiling
[10:12:21] [Server thread/INFO]: Server Ping Player Sample Count: 12
[10:12:21] [Server thread/INFO]: Using 4 threads for Netty based IO
[10:12:22] [Server thread/INFO]: [ChunkTaskScheduler] Chunk system is using 1 I/O threads, 1 worker threads, and population gen parallelism of 1 threads
[10:12:22] [Server thread/INFO]: Default game type: SURVIVAL
[10:12:22] [Server thread/INFO]: Generating keypair
[10:12:23] [Server thread/INFO]: Starting Minecraft server on *:25565
[10:12:23] [Server thread/INFO]: Using epoll channel type
[10:12:23] [Server thread/INFO]: Paper: Using libdeflate (Linux x86_64) compression from Velocity.
[10:12:23] [Server thread/INFO]: Paper: Using OpenSSL 1.1.x (Linux x86_64) cipher from Velocity.
[10:12:23] [Server thread/INFO]: [OmegaCVW] Loading server plugin OmegaCVW v0.2.3
[10:12:23] [Server thread/INFO]: [SkinsRestorer] Loading server plugin SkinsRestorer v15.6.2
[10:12:23] [Server thread/INFO]: [PlugManX] Loading server plugin PlugManX v2.4.1
[10:12:23] [Server thread/INFO]: [BetterSleeping4] Loading server plugin BetterSleeping4 v4.0.2
[10:12:23] [Server thread/INFO]: [BlockLocker] Loading server plugin BlockLocker v1.12.2
[10:12:23] [Server thread/INFO]: Server permissions file permissions.yml is empty, ignoring it
[10:12:23] [Server thread/INFO]: [SkinsRestorer] Enabling SkinsRestorer v15.6.2
[10:12:25] [Server thread/WARN]: [SkinsRestorer] You must agree to the rules at 'commands.perSkinPermissionsConsent' in the config to use per skin permissions.
[10:12:26] [Server thread/INFO]: [SkinsRestorer] Running on Minecraft 1.21.1.
[10:12:28] [Server thread/INFO]: [SkinsRestorer] Using paper join listener!
[10:12:28] [Server thread/INFO]: [PlugManX] Enabling PlugManX v2.4.1
[10:12:28] [Server thread/WARN]: [PlugManX] ~~~~~~~~~~~~~~~~~~~~~~~~~~~~~~~~~~~~~~~~~~~~~~~~~~~~~~~~~~~~~~~~~~~~~~
[10:12:28] [Server thread/WARN]: [PlugManX] It seems like you're running on paper.
[10:12:28] [Server thread/WARN]: [PlugManX] PlugManX cannot interact with paper-plugins, yet.
[10:12:28] [Server thread/WARN]: [PlugManX] Also, if you encounter any issues, please join my discord: https://discord.gg/GxEFhVY6ff
[10:12:28] [Server thread/WARN]: [PlugManX] Or create an issue on GitHub: https://github.com/TheBlackEntity/PlugMan
[10:12:28] [Server thread/WARN]: [PlugManX] ~~~~~~~~~~~~~~~~~~~~~~~~~~~~~~~~~~~~~~~~~~~~~~~~~~~~~~~~~~~~~~~~~~~~~~
[10:12:28] [Folia Async Scheduler Thread #1/INFO]: [SkinsRestorer] ----------------------------------------------
[10:12:28] [Folia Async Scheduler Thread #1/INFO]: [SkinsRestorer]     +==================+
[10:12:28] [Folia Async Scheduler Thread #1/INFO]: [SkinsRestorer]     |   SkinsRestorer  |
[10:12:28] [Folia Async Scheduler Thread #1/INFO]: [SkinsRestorer]     |------------------|
[10:12:28] [Folia Async Scheduler Thread #1/INFO]: [SkinsRestorer]     |  Standalone Mode |
[10:12:28] [Folia Async Scheduler Thread #1/INFO]: [SkinsRestorer]     +==================+
[10:12:28] [Folia Async Scheduler Thread #1/INFO]: [SkinsRestorer] ----------------------------------------------
[10:12:28] [Folia Async Scheduler Thread #1/INFO]: [SkinsRestorer]     Version: 15.6.2
[10:12:28] [Folia Async Scheduler Thread #1/INFO]: [SkinsRestorer]     Commit: 7bda5de
[10:12:28] [Folia Async Scheduler Thread #1/INFO]: [SkinsRestorer]     This is the latest version!
[10:12:28] [Folia Async Scheduler Thread #1/INFO]: [SkinsRestorer] ----------------------------------------------
[10:12:28] [Folia Async Scheduler Thread #1/INFO]: [SkinsRestorer] Do you have issues? Read our troubleshooting guide: https://skinsrestorer.net/docs/troubleshooting
[10:12:28] [Folia Async Scheduler Thread #1/INFO]: [SkinsRestorer] Want to support SkinsRestorer? Consider donating: https://skinsrestorer.net/donate
[10:12:29] [Server thread/INFO]: [BlockLocker] Enabling BlockLocker v1.12.2
[10:12:29] [Server thread/WARN]: **** SERVER IS RUNNING IN OFFLINE/INSECURE MODE!
[10:12:29] [Server thread/WARN]: The server will make no attempt to authenticate usernames. Beware.
[10:12:29] [Server thread/WARN]: While this makes the game possible to play without internet access, it also opens up the ability for hackers to connect with any username they choose.
[10:12:29] [Server thread/WARN]: To change this, set "online-mode" to "true" in the server.properties file.
[10:12:29] [Server thread/INFO]: Preparing level "world"
[10:12:36] [Server thread/INFO]: Preparing start region for dimension minecraft:overworld
[10:12:37] [Server thread/INFO]: Time elapsed: 1706 ms
[10:12:37] [Server thread/INFO]: Preparing start region for dimension minecraft:the_nether
[10:12:43] [Server thread/INFO]: Time elapsed: 5304 ms
[10:12:43] [Server thread/INFO]: Preparing start region for dimension minecraft:the_end
[10:12:44] [Server thread/INFO]: Time elapsed: 1094 ms
[10:12:44] [Server thread/INFO]: [OmegaCVW] Enabling OmegaCVW v0.2.3
[10:12:53] [Server thread/INFO]: [BetterSleeping4] Enabling BetterSleeping4 v4.0.2
[10:12:54] [Server thread/INFO]: [spark] Starting background profiler...
[10:12:55] [Server thread/INFO]: Done preparing level "world" (25.850s)
[10:12:55] [Server thread/INFO]: Running delayed init tasks
[10:12:55] [Server thread/INFO]: Done (47.316s)! For help, type "help"
[10:12:55] [Server thread/INFO]: Timings Reset
[10:12:55] [Server thread/INFO]: An update for BlockLocker (version 1.13.0) is available for manual download.
[10:12:55] [Server thread/INFO]: More information: https://www.spigotmc.org/resources/blocklocker.3268/update?update=571821
[10:13:17] [User Authenticator #0/INFO]: UUID of player Buffalof is 36af25f0-0580-37f8-b398-bcca17ed376a
[10:13:20] [Server thread/INFO]: Buffalof joined the game
[10:13:20] [Server thread/INFO]: Buffalof[/127.144.197.150:42069] logged in with entity id 28 at ([world]292.9117574431393, 66.9375, -101.98011850094701)
[10:14:27] [Server thread/INFO]: Buffalof lost connection: Disconnected
[10:14:27] [Server thread/INFO]: Buffalof left the game
[10:14:35] [Server thread/INFO]: Stopping the server
[10:14:36] [Server thread/INFO]: Stopping server
[10:14:36] [Server thread/INFO]: [BlockLocker] Disabling BlockLocker v1.12.2
[10:14:36] [Server thread/INFO]: [BetterSleeping4] Disabling BetterSleeping4 v4.0.2
[10:14:36] [Server thread/INFO]: [PlugManX] Disabling PlugManX v2.4.1
[10:14:36] [Server thread/INFO]: [SkinsRestorer] Disabling SkinsRestorer v15.6.2
[10:14:36] [Server thread/INFO]: [OmegaCVW] Disabling OmegaCVW v0.2.3
[10:14:36] [Server thread/INFO]: Saving players
[10:14:36] [Server thread/INFO]: Saving worlds
[10:14:36] [Server thread/INFO]: Saving chunks for level 'ServerLevel[world]'/minecraft:overworld
[10:14:36] [Server thread/INFO]: [ChunkHolderManager] Waiting 60s for chunk system to halt for world 'world'
[10:14:36] [Server thread/INFO]: [ChunkHolderManager] Halted chunk system for world 'world'
[10:14:36] [Server thread/INFO]: [ChunkHolderManager] Saving all chunkholders for world 'world'
[10:14:36] [Server thread/INFO]: [ChunkHolderManager] Saved 347 block chunks, 279 entity chunks, 0 poi chunks in world 'world' in 0.73s
[10:14:36] [Server thread/INFO]: Saving chunks for level 'ServerLevel[world_nether]'/minecraft:the_nether
[10:14:36] [Server thread/INFO]: [ChunkHolderManager] Waiting 60s for chunk system to halt for world 'world_nether'
[10:14:36] [Server thread/INFO]: [ChunkHolderManager] Halted chunk system for world 'world_nether'
[10:14:36] [Server thread/INFO]: [ChunkHolderManager] Saving all chunkholders for world 'world_nether'
[10:14:37] [Server thread/INFO]: [ChunkHolderManager] Saved 841 block chunks, 49 entity chunks, 0 poi chunks in world 'world_nether' in 0.44s
[10:14:37] [Server thread/INFO]: Saving chunks for level 'ServerLevel[world_the_end]'/minecraft:the_end
[10:14:37] [Server thread/INFO]: [ChunkHolderManager] Waiting 60s for chunk system to halt for world 'world_the_end'
[10:14:37] [Server thread/INFO]: [ChunkHolderManager] Halted chunk system for world 'world_the_end'
[10:14:37] [Server thread/INFO]: [ChunkHolderManager] Saving all chunkholders for world 'world_the_end'
[10:14:37] [Server thread/INFO]: [ChunkHolderManager] Saved 841 block chunks, 49 entity chunks, 0 poi chunks in world 'world_the_end' in 0.40s
[10:14:37] [Server thread/INFO]: ThreadedAnvilChunkStorage (world): All chunks are saved
[10:14:37] [Server thread/INFO]: ThreadedAnvilChunkStorage (DIM-1): All chunks are saved
[10:14:37] [Server thread/INFO]: ThreadedAnvilChunkStorage (DIM1): All chunks are saved
[10:14:37] [Server thread/INFO]: ThreadedAnvilChunkStorage: All dimensions are saved
